<?xml version="1.0" encoding="UTF-8"?>
<!-- Generated by org.testng.reporters.JUnitReportReporter -->
<testsuite hostname="QT-INBG-LT0051" failures="0" tests="1" name="kudosSearch.QtTcSearchKudos142" time="26.916" errors="0" timestamp="2021-03-26T15:35:29 IST" skipped="0">
  <testcase classname="kudosSearch.QtTcSearchKudos142" name="searchkudos" time="26.916"/>
  <system-out/>
</testsuite> <!-- kudosSearch.QtTcSearchKudos142 -->
