<?xml version="1.0" encoding="UTF-8"?>
<!-- Generated by org.testng.reporters.JUnitReportReporter -->
<testsuite hostname="QT-INBG-LT0051" failures="0" tests="1" name="testPackage.QtTestCaseOthers161" time="8.984" errors="0" timestamp="2021-03-25T11:07:56 IST" skipped="0">
  <testcase classname="testPackage.QtTestCaseOthers161" name="Kfm" time="8.984"/>
  <system-out/>
</testsuite> <!-- testPackage.QtTestCaseOthers161 -->
