<?xml version="1.0" encoding="UTF-8"?>
<!-- Generated by org.testng.reporters.JUnitReportReporter -->
<testsuite hostname="QT-INBG-LT0051" failures="0" tests="1" name="testPackage.QtTestCaseSendKudos135" time="17.200" errors="0" timestamp="2021-03-24T16:13:49 IST" skipped="0">
  <testcase classname="testPackage.QtTestCaseSendKudos135" name="basePageNavigation" time="17.200"/>
  <system-out/>
</testsuite> <!-- testPackage.QtTestCaseSendKudos135 -->
