<?xml version="1.0" encoding="UTF-8"?>
<!-- Generated by org.testng.reporters.JUnitReportReporter -->
<testsuite hostname="QT-INBG-LT0051" failures="0" tests="1" name="sendkudos.QtTcSendKudos131" time="19.676" errors="0" timestamp="2021-03-26T15:35:29 IST" skipped="0">
  <testcase classname="sendkudos.QtTcSendKudos131" name="clk" time="19.676"/>
  <system-out/>
</testsuite> <!-- sendkudos.QtTcSendKudos131 -->
