<?xml version="1.0" encoding="UTF-8"?>
<!-- Generated by org.testng.reporters.JUnitReportReporter -->
<testsuite hostname="QT-INBG-LT0051" failures="0" tests="1" name="testPackage.QtTestCaseOthers162" time="11.481" errors="0" timestamp="2021-03-25T09:37:47 IST" skipped="0">
  <testcase classname="testPackage.QtTestCaseOthers162" name="basePageNavigation" time="11.481"/>
  <system-out/>
</testsuite> <!-- testPackage.QtTestCaseOthers162 -->
