<?xml version="1.0" encoding="UTF-8"?>
<!-- Generated by org.testng.reporters.JUnitReportReporter -->
<testsuite hostname="Moni" failures="0" tests="1" name="testPackage.QtTestCaseSendKudos1411" time="23.538" errors="0" timestamp="2021-03-23T23:12:56 IST" skipped="0">
  <testcase classname="testPackage.QtTestCaseSendKudos1411" name="basePageNavigation" time="23.538"/>
  <system-out/>
</testsuite> <!-- testPackage.QtTestCaseSendKudos1411 -->
