<?xml version="1.0" encoding="UTF-8"?>
<!-- Generated by org.testng.reporters.JUnitReportReporter -->
<testsuite hostname="QT-INBG-LT0051" failures="0" tests="1" name="testPackage.QtTestCaseOthers165" time="12.301" errors="0" timestamp="2021-03-25T10:43:37 IST" skipped="0">
  <testcase classname="testPackage.QtTestCaseOthers165" name="basePageNavigation" time="12.301"/>
  <system-out/>
</testsuite> <!-- testPackage.QtTestCaseOthers165 -->
