<?xml version="1.0" encoding="UTF-8"?>
<!-- Generated by org.testng.reporters.JUnitReportReporter -->
<testsuite hostname="QT-INBG-LT0051" failures="0" tests="2" name="testPackage.QtTestCaseOthers164" time="22.498" errors="0" timestamp="2021-03-25T09:41:43 IST" skipped="0">
  <testcase classname="testPackage.QtTestCaseOthers164" name="testcase" time="12.297"/>
  <system-out/>
  <testcase classname="testPackage.QtTestCaseOthers164" name="basePageNavigation" time="10.201"/>
  <system-out/>
</testsuite> <!-- testPackage.QtTestCaseOthers164 -->
