<?xml version="1.0" encoding="UTF-8"?>
<!-- Generated by org.testng.reporters.JUnitReportReporter -->
<testsuite hostname="Moni" failures="0" tests="1" name="testPackage.QtTestCaseSendKudos144" time="35.850" errors="0" timestamp="2021-03-23T23:16:09 IST" skipped="0">
  <testcase classname="testPackage.QtTestCaseSendKudos144" name="basePageNavigation" time="35.850"/>
  <system-out/>
</testsuite> <!-- testPackage.QtTestCaseSendKudos144 -->
