<?xml version="1.0" encoding="UTF-8"?>
<!-- Generated by org.testng.reporters.JUnitReportReporter -->
<testsuite hostname="QT-INBG-LT0051" failures="0" tests="1" name="verifyLogin.QtTcLogin112" time="9.502" errors="0" timestamp="2021-03-26T15:35:29 IST" skipped="0">
  <testcase classname="verifyLogin.QtTcLogin112" name="basePageNavigation" time="9.502"/>
  <system-out/>
</testsuite> <!-- verifyLogin.QtTcLogin112 -->
