<?xml version="1.0" encoding="UTF-8"?>
<!-- Generated by org.testng.reporters.JUnitReportReporter -->
<testsuite hostname="QT-INBG-LT0051" failures="0" tests="1" name="testPackage.QtTestCaseLogin113" time="4.712" errors="0" timestamp="2021-03-25T10:54:02 IST" skipped="0">
  <testcase classname="testPackage.QtTestCaseLogin113" name="basePageNavigation" time="4.712"/>
  <system-out/>
</testsuite> <!-- testPackage.QtTestCaseLogin113 -->
