<?xml version="1.0" encoding="UTF-8"?>
<!-- Generated by org.testng.reporters.JUnitReportReporter -->
<testsuite hostname="QT-INBG-LT0051" failures="0" tests="1" name="testPackage.QtTestCaseSearchKudos141" time="11.161" errors="0" timestamp="2021-03-25T10:59:49 IST" skipped="0">
  <testcase classname="testPackage.QtTestCaseSearchKudos141" name="searchkudos" time="11.161"/>
  <system-out/>
</testsuite> <!-- testPackage.QtTestCaseSearchKudos141 -->
