<?xml version="1.0" encoding="UTF-8"?>
<!-- Generated by org.testng.reporters.JUnitReportReporter -->
<testsuite hostname="QT-INBG-LT0051" failures="0" tests="1" name="testPackage.QtTestCaseSearchKudos142" time="12.199" errors="0" timestamp="2021-03-25T12:09:19 IST" skipped="0">
  <testcase classname="testPackage.QtTestCaseSearchKudos142" name="searchkudos" time="12.199"/>
  <system-out/>
</testsuite> <!-- testPackage.QtTestCaseSearchKudos142 -->
