<?xml version="1.0" encoding="UTF-8"?>
<!-- Generated by org.testng.reporters.JUnitReportReporter -->
<testsuite hostname="QT-INBG-LT0051" failures="0" tests="1" name="testPackage.QtTestCaseSendKudos134" time="16.104" errors="0" timestamp="2021-03-24T11:28:31 IST" skipped="0">
  <testcase classname="testPackage.QtTestCaseSendKudos134" name="basePageNavigation" time="16.104"/>
  <system-out/>
</testsuite> <!-- testPackage.QtTestCaseSendKudos134 -->
