<?xml version="1.0" encoding="UTF-8"?>
<!-- Generated by org.testng.reporters.JUnitReportReporter -->
<testsuite hostname="QT-INBG-LT0051" failures="0" tests="1" name="testPackage.QtTestCaseSendKudos142" time="22.869" errors="0" timestamp="2021-03-23T18:11:22 IST" skipped="0">
  <testcase classname="testPackage.QtTestCaseSendKudos142" name="basePageNavigation" time="22.869"/>
  <system-out/>
</testsuite> <!-- testPackage.QtTestCaseSendKudos142 -->
