<?xml version="1.0" encoding="UTF-8"?>
<!-- Generated by org.testng.reporters.JUnitReportReporter -->
<testsuite hostname="QT-INBG-LT0051" failures="0" tests="5" name="testPackage.QtTestCase112" time="38.676" errors="0" timestamp="2021-03-23T17:40:17 IST" skipped="0">
  <testcase classname="testPackage.QtTestCase112" name="basePageNavigation" time="5.376"/>
  <system-out/>
  <testcase classname="testPackage.QtTestCase112" name="basePageNavigation" time="11.221"/>
  <system-out/>
  <testcase classname="testPackage.QtTestCase112" name="basePageNavigation" time="4.926"/>
  <system-out/>
  <testcase classname="testPackage.QtTestCase112" name="basePageNavigation" time="6.048"/>
  <system-out/>
  <testcase classname="testPackage.QtTestCase112" name="basePageNavigation" time="11.105"/>
  <system-out/>
</testsuite> <!-- testPackage.QtTestCase112 -->
