<?xml version="1.0" encoding="UTF-8"?>
<!-- Generated by org.testng.reporters.JUnitReportReporter -->
<testsuite hostname="QT-INBG-LT0051" failures="0" tests="1" name="testPackage.QtTestCaseSendKudos141" time="19.675" errors="0" timestamp="2021-03-24T09:15:20 IST" skipped="0">
  <testcase classname="testPackage.QtTestCaseSendKudos141" name="basePageNavigation" time="19.675"/>
  <system-out/>
</testsuite> <!-- testPackage.QtTestCaseSendKudos141 -->
