<?xml version="1.0" encoding="UTF-8"?>
<!-- Generated by org.testng.reporters.JUnitReportReporter -->
<testsuite hostname="QT-INBG-LT0051" failures="0" tests="1" name="Sendkudos.QtTestCaseSendKudos1322" time="28.481" errors="0" timestamp="2021-03-25T13:16:49 IST" skipped="0">
  <testcase classname="Sendkudos.QtTestCaseSendKudos1322" name="mul" time="28.481"/>
  <system-out/>
</testsuite> <!-- Sendkudos.QtTestCaseSendKudos1322 -->
