<?xml version="1.0" encoding="UTF-8"?>
<!-- Generated by org.testng.reporters.JUnitReportReporter -->
<testsuite hostname="QT-INBG-LT0051" failures="0" tests="1" name="sendkudos.QtTestCaseSendKudos135" time="24.078" errors="0" timestamp="2021-03-26T09:48:04 IST" skipped="0">
  <testcase classname="sendkudos.QtTestCaseSendKudos135" name="auto" time="24.078"/>
  <system-out/>
</testsuite> <!-- sendkudos.QtTestCaseSendKudos135 -->
