<?xml version="1.0" encoding="UTF-8"?>
<!-- Generated by org.testng.reporters.JUnitReportReporter -->
<testsuite hostname="QT-INBG-LT0051" failures="0" tests="1" name="TestPackage.QtTestCase2" time="23.471" errors="0" timestamp="2021-03-23T14:52:58 IST" skipped="0">
  <testcase classname="TestPackage.QtTestCase2" name="basePageNavigation" time="23.471"/>
  <system-out/>
</testsuite> <!-- TestPackage.QtTestCase2 -->
