<?xml version="1.0" encoding="UTF-8"?>
<!-- Generated by org.testng.reporters.JUnitReportReporter -->
<testsuite hostname="QT-INBG-LT0051" failures="0" tests="1" name="testPackage.QtTestCaseSendKudos132" time="10.837" errors="0" timestamp="2021-03-24T12:16:48 IST" skipped="0">
  <testcase classname="testPackage.QtTestCaseSendKudos132" name="basePageNavigation" time="10.837"/>
  <system-out/>
</testsuite> <!-- testPackage.QtTestCaseSendKudos132 -->
